
2021-11-20 01:42:14,951 Sign up chosen
2021-11-20 01:42:15,999 Log in chosen
2021-11-20 01:42:16,910 Sign up chosen
2021-11-20 01:42:17,839 Log in chosen
2021-11-20 01:47:23,750 Sign up chosen
2021-11-20 01:47:40,703 Sign up successful
2021-11-20 01:47:53,598 Log in chosen
2021-11-20 01:54:57,725 Sign up chosen
2021-11-20 01:55:17,781 User signed up with mail michal.zernovic@gmail.com
2021-11-20 01:55:24,429 Sign up chosen
2021-11-20 01:56:26,820 Sign up chosen
2021-11-20 01:56:35,526 User signed up with mail braskovec@gmail.com
2021-11-20 01:56:36,444 Sign up chosen
2021-11-20 01:57:16,852 Sign up chosen
2021-11-20 01:57:51,205 Sign up chosen
2021-11-20 01:58:58,044 Sign up chosen
2021-11-20 01:59:08,819 User signed up with mail braskovec1@gmail.com
2021-11-20 01:59:09,668 Sign up chosen
2021-11-20 01:59:34,383 User signed up with mail braskovec2@gmail.com
2021-11-20 01:59:36,028 Sign up chosen
2021-11-20 02:02:31,884 Sign up chosen
2021-11-20 02:03:07,587 Sign up chosen
2021-11-20 02:03:48,051 Sign up chosen
2021-11-20 02:03:52,466 User signed up with mail awfawfaw
2021-11-20 02:03:53,515 Sign up chosen
2021-11-20 02:04:40,571 Sign up chosen
2021-11-20 02:04:51,519 User signed up with mail awfawfaw
2021-11-20 02:04:53,147 Sign up chosen
2021-11-20 02:05:17,820 Sign up chosen
2021-11-20 02:07:03,259 Sign up chosen
2021-11-20 02:07:30,126 User signed up with mail olivertree@gmail.com
2021-11-20 02:07:31,706 Sign up chosen
2021-11-20 02:08:32,963 Sign up chosen
2021-11-20 02:08:49,553 Unsuccessful sign up with mail michal.zernovic@gmail.com
2021-11-20 02:09:04,792 User signed up with mail michal.zernovic2@gmail.com
2021-11-20 02:09:10,306 Log in chosen
2021-11-20 02:09:22,831 Log in successful as michal.zernovic2@gmail.com
2021-11-20 12:17:54,971 Log in chosen
2021-11-20 12:18:04,243 Log in successful as michal.zernovic@gmail.com
2021-11-20 12:19:32,530 Log in chosen
2021-11-20 12:19:42,062 Log in successful as michal.zernovic@gmail.com
2021-11-20 12:20:56,578 Log in chosen
2021-11-20 12:21:08,169 Log in successful as michal.zernovic@gmail.com
2021-11-20 12:22:36,992 Log in successful as michal.zernovic@gmail.com
2021-11-20 12:22:51,922 Log in chosen
2021-11-20 12:23:02,320 Log in successful as michal.zernovic@gmail.com
2021-11-20 12:24:11,818 Log in chosen
2021-11-20 12:24:20,418 Log in successful as michal.zernovic@gmail.com
2021-11-20 12:24:35,978 Log in chosen
2021-11-20 12:26:49,057 Log in chosen
2021-11-20 12:27:03,671 Log in successful as michal.zernovic@gmail.com
